Analysis & Synthesis report for top
Wed Feb 26 16:20:30 2025
Quartus II 64-Bit Version 13.0.0 Build 156 04/24/2013 SJ Web Edition


---------------------
; Table of Contents ;
---------------------
  1. Legal Notice
  2. Analysis & Synthesis Summary
  3. Analysis & Synthesis Settings
  4. Parallel Compilation
  5. Analysis & Synthesis Messages



----------------
; Legal Notice ;
----------------
Copyright (C) 1991-2013 Altera Corporation
Your use of Altera Corporation's design tools, logic functions 
and other software and tools, and its AMPP partner logic 
functions, and any output files from any of the foregoing 
(including device programming or simulation files), and any 
associated documentation or information are expressly subject 
to the terms and conditions of the Altera Program License 
Subscription Agreement, Altera MegaCore Function License 
Agreement, or other applicable license agreement, including, 
without limitation, that your use is for the sole purpose of 
programming logic devices manufactured by Altera and sold by 
Altera or its authorized distributors.  Please refer to the 
applicable agreement for further details.



+---------------------------------------------------------------------------------+
; Analysis & Synthesis Summary                                                    ;
+------------------------------------+--------------------------------------------+
; Analysis & Synthesis Status        ; Failed - Wed Feb 26 16:20:30 2025          ;
; Quartus II 64-Bit Version          ; 13.0.0 Build 156 04/24/2013 SJ Web Edition ;
; Revision Name                      ; top                                        ;
; Top-level Entity Name              ; top                                        ;
; Family                             ; Cyclone II                                 ;
; Total logic elements               ; N/A until Partition Merge                  ;
;     Total combinational functions  ; N/A until Partition Merge                  ;
;     Dedicated logic registers      ; N/A until Partition Merge                  ;
; Total registers                    ; N/A until Partition Merge                  ;
; Total pins                         ; N/A until Partition Merge                  ;
; Total virtual pins                 ; N/A until Partition Merge                  ;
; Total memory bits                  ; N/A until Partition Merge                  ;
; Embedded Multiplier 9-bit elements ; N/A until Partition Merge                  ;
; Total PLLs                         ; N/A until Partition Merge                  ;
+------------------------------------+--------------------------------------------+


+----------------------------------------------------------------------------------------------------------------------+
; Analysis & Synthesis Settings                                                                                        ;
+----------------------------------------------------------------------------+--------------------+--------------------+
; Option                                                                     ; Setting            ; Default Value      ;
+----------------------------------------------------------------------------+--------------------+--------------------+
; Device                                                                     ; EP2C20F484C7       ;                    ;
; Top-level entity name                                                      ; top                ; top                ;
; Family name                                                                ; Cyclone II         ; Cyclone IV GX      ;
; Use smart compilation                                                      ; Off                ; Off                ;
; Enable parallel Assembler and TimeQuest Timing Analyzer during compilation ; On                 ; On                 ;
; Enable compact report table                                                ; Off                ; Off                ;
; Restructure Multiplexers                                                   ; Auto               ; Auto               ;
; Create Debugging Nodes for IP Cores                                        ; Off                ; Off                ;
; Preserve fewer node names                                                  ; On                 ; On                 ;
; Disable OpenCore Plus hardware evaluation                                  ; Off                ; Off                ;
; Verilog Version                                                            ; Verilog_2001       ; Verilog_2001       ;
; VHDL Version                                                               ; VHDL_1993          ; VHDL_1993          ;
; State Machine Processing                                                   ; Auto               ; Auto               ;
; Safe State Machine                                                         ; Off                ; Off                ;
; Extract Verilog State Machines                                             ; On                 ; On                 ;
; Extract VHDL State Machines                                                ; On                 ; On                 ;
; Ignore Verilog initial constructs                                          ; Off                ; Off                ;
; Iteration limit for constant Verilog loops                                 ; 5000               ; 5000               ;
; Iteration limit for non-constant Verilog loops                             ; 250                ; 250                ;
; Add Pass-Through Logic to Inferred RAMs                                    ; On                 ; On                 ;
; Infer RAMs from Raw Logic                                                  ; On                 ; On                 ;
; Parallel Synthesis                                                         ; On                 ; On                 ;
; DSP Block Balancing                                                        ; Auto               ; Auto               ;
; NOT Gate Push-Back                                                         ; On                 ; On                 ;
; Power-Up Don't Care                                                        ; On                 ; On                 ;
; Remove Redundant Logic Cells                                               ; Off                ; Off                ;
; Remove Duplicate Registers                                                 ; On                 ; On                 ;
; Ignore CARRY Buffers                                                       ; Off                ; Off                ;
; Ignore CASCADE Buffers                                                     ; Off                ; Off                ;
; Ignore GLOBAL Buffers                                                      ; Off                ; Off                ;
; Ignore ROW GLOBAL Buffers                                                  ; Off                ; Off                ;
; Ignore LCELL Buffers                                                       ; Off                ; Off                ;
; Ignore SOFT Buffers                                                        ; On                 ; On                 ;
; Limit AHDL Integers to 32 Bits                                             ; Off                ; Off                ;
; Optimization Technique                                                     ; Balanced           ; Balanced           ;
; Carry Chain Length                                                         ; 70                 ; 70                 ;
; Auto Carry Chains                                                          ; On                 ; On                 ;
; Auto Open-Drain Pins                                                       ; On                 ; On                 ;
; Perform WYSIWYG Primitive Resynthesis                                      ; Off                ; Off                ;
; Auto ROM Replacement                                                       ; On                 ; On                 ;
; Auto RAM Replacement                                                       ; On                 ; On                 ;
; Auto Shift Register Replacement                                            ; Auto               ; Auto               ;
; Allow Shift Register Merging across Hierarchies                            ; Auto               ; Auto               ;
; Auto Clock Enable Replacement                                              ; On                 ; On                 ;
; Strict RAM Replacement                                                     ; Off                ; Off                ;
; Allow Synchronous Control Signals                                          ; On                 ; On                 ;
; Force Use of Synchronous Clear Signals                                     ; Off                ; Off                ;
; Auto RAM to Logic Cell Conversion                                          ; Off                ; Off                ;
; Auto Resource Sharing                                                      ; Off                ; Off                ;
; Allow Any RAM Size For Recognition                                         ; Off                ; Off                ;
; Allow Any ROM Size For Recognition                                         ; Off                ; Off                ;
; Allow Any Shift Register Size For Recognition                              ; Off                ; Off                ;
; Use LogicLock Constraints during Resource Balancing                        ; On                 ; On                 ;
; Ignore translate_off and synthesis_off directives                          ; Off                ; Off                ;
; Timing-Driven Synthesis                                                    ; Off                ; Off                ;
; Report Parameter Settings                                                  ; On                 ; On                 ;
; Report Source Assignments                                                  ; On                 ; On                 ;
; Report Connectivity Checks                                                 ; On                 ; On                 ;
; Ignore Maximum Fan-Out Assignments                                         ; Off                ; Off                ;
; Synchronization Register Chain Length                                      ; 2                  ; 2                  ;
; PowerPlay Power Optimization                                               ; Normal compilation ; Normal compilation ;
; HDL message level                                                          ; Level2             ; Level2             ;
; Suppress Register Optimization Related Messages                            ; Off                ; Off                ;
; Number of Removed Registers Reported in Synthesis Report                   ; 5000               ; 5000               ;
; Number of Swept Nodes Reported in Synthesis Report                         ; 5000               ; 5000               ;
; Number of Inverted Registers Reported in Synthesis Report                  ; 100                ; 100                ;
; Clock MUX Protection                                                       ; On                 ; On                 ;
; Auto Gated Clock Conversion                                                ; Off                ; Off                ;
; Block Design Naming                                                        ; Auto               ; Auto               ;
; SDC constraint protection                                                  ; Off                ; Off                ;
; Synthesis Effort                                                           ; Auto               ; Auto               ;
; Shift Register Replacement - Allow Asynchronous Clear Signal               ; On                 ; On                 ;
; Pre-Mapping Resynthesis Optimization                                       ; Off                ; Off                ;
; Analysis & Synthesis Message Level                                         ; Medium             ; Medium             ;
; Disable Register Merging Across Hierarchies                                ; Auto               ; Auto               ;
; Resource Aware Inference For Block RAM                                     ; On                 ; On                 ;
; Synthesis Seed                                                             ; 1                  ; 1                  ;
+----------------------------------------------------------------------------+--------------------+--------------------+


Parallel compilation was disabled, but you have multiple processors available. Enable parallel compilation to reduce compilation time.
+-------------------------------------+
; Parallel Compilation                ;
+----------------------------+--------+
; Processors                 ; Number ;
+----------------------------+--------+
; Number detected on machine ; 12     ;
; Maximum allowed            ; 1      ;
+----------------------------+--------+


+-------------------------------+
; Analysis & Synthesis Messages ;
+-------------------------------+
Info: *******************************************************************
Info: Running Quartus II 64-Bit Analysis & Synthesis
    Info: Version 13.0.0 Build 156 04/24/2013 SJ Web Edition
    Info: Processing started: Wed Feb 26 16:20:29 2025
Info: Command: quartus_map --read_settings_files=on --write_settings_files=off top -c top
Warning (20028): Parallel compilation is not licensed and has been disabled
Info (12021): Found 1 design units, including 1 entities, in source file top.bdf
    Info (12023): Found entity 1: top
Info (12021): Found 1 design units, including 1 entities, in source file bus_muw_8.bdf
    Info (12023): Found entity 1: bus_muw_8
Info (12021): Found 2 design units, including 1 entities, in source file fonction_1_1.vhd
    Info (12022): Found design unit 1: fonction_1_1-chenilleDGDG
    Info (12023): Found entity 1: fonction_1_1
Info (12021): Found 2 design units, including 1 entities, in source file vitesse.vhd
    Info (12022): Found design unit 1: vitesse-compteur
    Info (12023): Found entity 1: vitesse
Info (12021): Found 2 design units, including 1 entities, in source file fonction_2_1.vhd
    Info (12022): Found design unit 1: fonction_2_1-chenilleDGDG
    Info (12023): Found entity 1: fonction_2_1
Info (12021): Found 2 design units, including 1 entities, in source file fonction_2_4.vhd
    Info (12022): Found design unit 1: fonction_2_4-chenille
    Info (12023): Found entity 1: fonction_2_4
Info (12021): Found 2 design units, including 1 entities, in source file fonction_3.vhd
    Info (12022): Found design unit 1: fonction_3-chenilleDGDG
    Info (12023): Found entity 1: fonction_3
Info (12021): Found 2 design units, including 1 entities, in source file fonction_1_7.vhd
    Info (12022): Found design unit 1: fonction_1_7-chenilleDGDG
    Info (12023): Found entity 1: fonction_1_7
Info (12021): Found 2 design units, including 1 entities, in source file fonction_1_3.vhd
    Info (12022): Found design unit 1: fonction_1_3-chenilleDGDG
    Info (12023): Found entity 1: fonction_1_3
Info (12021): Found 1 design units, including 1 entities, in source file bus_muw_7.bdf
    Info (12023): Found entity 1: bus_muw_7
Info (12127): Elaborating entity "top" for the top level hierarchy
Warning (275089): Not all bits in bus "sw[9..0]" are used
Warning (275080): Converted elements in bus name "sw" using legacy naming rules. Make any assignments on the new names, not on the original names.
    Warning (275081): Converted element name(s) from "sw[1..0]" to "sw1..0"
    Warning (275081): Converted element name(s) from "sw[9]" to "sw9"
    Warning (275081): Converted element name(s) from "sw[5]" to "sw5"
    Warning (275081): Converted element name(s) from "sw[4]" to "sw4"
    Warning (275081): Converted element name(s) from "sw[3]" to "sw3"
Info (12128): Elaborating entity "bus_muw_7" for hierarchy "bus_muw_7:inst20"
Error (275051): Bus range for signal "port "datab[WIDTH-1..0]" (ID BUSMUX:inst)" must be a number
Error (275051): Bus range for signal "port "dataa[WIDTH-1..0]" (ID BUSMUX:inst)" must be a number
Error (275051): Bus range for signal "port "result[WIDTH-1..0]" (ID BUSMUX:inst)" must be a number
Error (275051): Bus range for signal "port "datab[WIDTH-1..0]" (ID BUSMUX:inst1)" must be a number
Error (275051): Bus range for signal "port "dataa[WIDTH-1..0]" (ID BUSMUX:inst1)" must be a number
Error (275051): Bus range for signal "port "result[WIDTH-1..0]" (ID BUSMUX:inst1)" must be a number
Error (275051): Bus range for signal "port "datab[WIDTH-1..0]" (ID BUSMUX:inst2)" must be a number
Error (275051): Bus range for signal "port "dataa[WIDTH-1..0]" (ID BUSMUX:inst2)" must be a number
Error (275051): Bus range for signal "port "result[WIDTH-1..0]" (ID BUSMUX:inst2)" must be a number
Error (275051): Bus range for signal "port "datab[WIDTH-1..0]" (ID BUSMUX:inst3)" must be a number
Error (275051): Bus range for signal "port "dataa[WIDTH-1..0]" (ID BUSMUX:inst3)" must be a number
Error (275051): Bus range for signal "port "result[WIDTH-1..0]" (ID BUSMUX:inst3)" must be a number
Error (275051): Bus range for signal "port "datab[WIDTH-1..0]" (ID BUSMUX:inst4)" must be a number
Error (275051): Bus range for signal "port "dataa[WIDTH-1..0]" (ID BUSMUX:inst4)" must be a number
Error (275051): Bus range for signal "port "result[WIDTH-1..0]" (ID BUSMUX:inst4)" must be a number
Error (275051): Bus range for signal "port "datab[WIDTH-1..0]" (ID BUSMUX:inst5)" must be a number
Error (275051): Bus range for signal "port "dataa[WIDTH-1..0]" (ID BUSMUX:inst5)" must be a number
Error (275051): Bus range for signal "port "result[WIDTH-1..0]" (ID BUSMUX:inst5)" must be a number
Error (275051): Bus range for signal "port "datab[WIDTH-1..0]" (ID BUSMUX:inst6)" must be a number
Error (275051): Bus range for signal "port "dataa[WIDTH-1..0]" (ID BUSMUX:inst6)" must be a number
Error (275051): Bus range for signal "port "result[WIDTH-1..0]" (ID BUSMUX:inst6)" must be a number
Error (12152): Can't elaborate user hierarchy "bus_muw_7:inst20"
Error: Quartus II 64-Bit Analysis & Synthesis was unsuccessful. 22 errors, 8 warnings
    Error: Peak virtual memory: 4630 megabytes
    Error: Processing ended: Wed Feb 26 16:20:30 2025
    Error: Elapsed time: 00:00:01
    Error: Total CPU time (on all processors): 00:00:01


